GPU NAME (CLEAN): grid_a100-7-40c_mig_7g_40gb
EXPERIMENT ID: None [new experiment]

DATA DESCRIPTION:
{name: cifar-10,
 m_train_per_class_limit: None,
 m_test_per_class_limit: None,
 uniform_scaling: True,
 seed: 0,
 n_repetitions: 1}

HMDL CLF DESCRIPTION:
[(<class 'hmdl.SequentialClassifier'>, {'n_epochs': 100, 'n_batches': 50, 'loss': 'categorical_crossentropy', 'learning_rate': 0.001, 'decay_rate': 0.0, 'use_adam': True, 'momentum_rate': 0.0, 'gradient_clip': None}),
 (<class 'hmdl.Conv2D'>, {'input_shape': (32, 32, 3), 'kernel_size': 3, 'n_kernels': 64, 'activation': 'relu'}),
 (<class 'hmdl.Conv2D'>, {'kernel_size': 3, 'n_kernels': 64, 'activation': 'relu'}),
 (<class 'hmdl.MaxPool2D'>, {'pool_size': 2}),
 (<class 'hmdl.Dropout'>, {'rate': 0.125}),
 (<class 'hmdl.Conv2D'>, {'kernel_size': 3, 'n_kernels': 128, 'activation': 'relu'}),
 (<class 'hmdl.Conv2D'>, {'kernel_size': 3, 'n_kernels': 128, 'activation': 'relu'}),
 (<class 'hmdl.MaxPool2D'>, {'pool_size': 2}),
 (<class 'hmdl.Dropout'>, {'rate': 0.25}),
 (<class 'hmdl.Conv2D'>, {'kernel_size': 3, 'n_kernels': 256, 'activation': 'relu'}),
 (<class 'hmdl.Conv2D'>, {'kernel_size': 3, 'n_kernels': 256, 'activation': 'relu'}),
 (<class 'hmdl.MaxPool2D'>, {'pool_size': 2}),
 (<class 'hmdl.Dropout'>, {'rate': 0.25}),
 (<class 'hmdl.Conv2D'>, {'kernel_size': 3, 'n_kernels': 512, 'activation': 'relu'}),
 (<class 'hmdl.Conv2D'>, {'kernel_size': 3, 'n_kernels': 512, 'activation': 'relu'}),
 (<class 'hmdl.Dropout'>, {'rate': 0.5}),
 (<class 'hmdl.Flatten'>, {'input_shape': (32, 32, 3)}),
 (<class 'hmdl.Dense'>, {'n_neurons': 512, 'activation': 'relu'}),
 (<class 'hmdl.Dropout'>, {'rate': 0.5}),
 (<class 'hmdl.Dense'>, {'n_neurons': 10, 'activation': 'softmax'})]

ABOUT TO RUN NEW EXPERIMENT WITH ID: 1332585644 [generated]
GPU PROPERTIES: {'name': 'GRID A100-7-40C MIG 7g.40gb', 'max_threads_per_block': 1024, 'max_block_dim_x': 1024, 'max_block_dim_y': 1024, 'max_block_dim_z': 64, 'max_grid_dim_x': 2147483647, 'max_grid_dim_y': 65535, 'max_grid_dim_z': 65535, 'max_shared_memory_per_block': 49152, 'async_engine_count': 7, 'can_map_host_memory': 1, 'multiprocessor_count': 98, 'warp_size': 32, 'unified_addressing': 1, 'pci_bus_id': 2, 'pci_device_id': 1, 'compute_capability': (8, 0), 'cores_per_SM': 64, 'cores_total': 6272}

***
REPETITION: 1/1... [seed now: 0]
