EXPERIMENT ID: None [new experiment]

DATA DESCRIPTION:
{name: mnist,
 m_train_per_class_limit: None,
 m_test_per_class_limit: None,
 uniform_scaling: True,
 seed: 0,
 n_repetitions: 1}

HMDL CLF DESCRIPTION:
[(<class 'hmdl.SequentialClassifier'>, {'n_epochs': 100, 'n_batches': 20, 'loss': 'categorical_crossentropy', 'learning_rate': 0.001, 'decay_rate': 0.0, 'use_adam': True, 'momentum_rate': 0.0, 'gradient_clip': None}),
 (<class 'hmdl.Conv2D'>, {'input_shape': (28, 28, 1), 'kernel_size': 7, 'n_kernels': 64, 'activation': 'relu'}),
 (<class 'hmdl.MaxPool2D'>, {'pool_size': 2}),
 (<class 'hmdl.Dropout'>, {'rate': 0.125}),
 (<class 'hmdl.Flatten'>, {'input_shape': (28, 28, 1)}),
 (<class 'hmdl.Dense'>, {'n_neurons': 128, 'activation': 'relu'}),
 (<class 'hmdl.Dropout'>, {'rate': 0.125}),
 (<class 'hmdl.Dense'>, {'n_neurons': 10, 'activation': 'softmax'})]

ABOUT TO RUN NEW EXPERIMENT WITH ID: 1015746172 [generated]
GPU PROPERTIES: {'name': b'Quadro M4000M', 'max_threads_per_block': 1024, 'max_block_dim_x': 1024, 'max_block_dim_y': 1024, 'max_block_dim_z': 64, 'max_grid_dim_x': 2147483647, 'max_grid_dim_y': 65535, 'max_grid_dim_z': 65535, 'max_shared_memory_per_block': 49152, 'async_engine_count': 5, 'can_map_host_memory': 1, 'multiprocessor_count': 10, 'warp_size': 32, 'unified_addressing': 1, 'pci_bus_id': 1, 'pci_device_id': 0, 'compute_capability': (5, 2), 'cores_per_SM': 128, 'cores_total': 1280}

***
REPETITION: 1/1... [seed now: 0]

HMDL MODEL SUMMARY:
------------------------------------------------------------------------------------------------------------------------------------------------------------------------------------------------------------------------------
NO. LAYER   TYPE        INPUT SHAPE             EXTRA INFO  ACTIVATION    OUTPUT SHAPE          DO FORWARD IMPL       DO BACKWARD IMPL      DO BACKWARD OUTPUT IMPL   L1 PENALTIES        L2 PENALTIES        PARAMS          
------------------------------------------------------------------------------------------------------------------------------------------------------------------------------------------------------------------------------
0   c0      Conv2D      (None, 28, 28, 1)       7x7         relu          (None, 28, 28, 64)    numba_cuda_tiles      numba_cuda_direct     numba_cuda_tiles                                                  3200            
1   m1      MaxPool2D   (None, 28, 28, 64)      2x2                       (None, 14, 14, 64)    numba_cuda_direct                           numba_cuda_direct                                                 0               
2   dr2     Dropout     (None, 14, 14, 64)      0.125                     (None, 14, 14, 64)                                                                                                                  0               
3   f3      Flatten     (None, 28, 28, 1)                                 (None, 784)                                                                                                                         0               
4   d4      Dense       (None, 784)                         relu          (None, 128)           numpy                 numpy                 numpy                                                             100480          
5   dr5     Dropout     (None, 128)             0.125                     (None, 128)                                                                                                                         0               
6   d6      Dense       (None, 128)                         softmax       (None, 10)            numpy                 numpy                 numpy                                                             1290            
------------------------------------------------------------------------------------------------------------------------------------------------------------------------------------------------------------------------------
TOTAL PARAMS: 104970
FIT SETTINGS: [n_epochs: 100, n_batches: 20, loss: categorical_crossentropy, learning_rate: 0.001, decay_rate: 0.0, use_adam: True, momentum_rate: 0.0, gradient_clip: None]
------------------------------------------------------------------------------------------------------------------------------------------------------------------------------------------------------------------------------

HMDL MODEL STRUCTURE STRING: 28x28x1->C(7,64,relu);M(2);DR(0.125);F();D(128,relu);DR(0.125);D(10,softmax);
HMDL MODEL STRUCTURE STRING FOR MATHEMATICA: {{28,28,1},{"C",7,64,"relu"},{"M",2},{"DR",0.125},{"F"},{"D",128,"relu"},{"DR",0.125},{"D",10,"softmax"}}

HMDL CLF ACC AND LOSS... [before fit]
