EXPERIMENT ID: None [new experiment]

DATA DESCRIPTION:
{name: olivetti,
 m_train_per_class_limit: None,
 m_test_per_class_limit: None,
 uniform_scaling: True,
 seed: 0,
 n_repetitions: 10}

HMDL CLF DESCRIPTION:
[(<class 'hmdl.SequentialClassifier'>, {'n_epochs': 100, 'n_batches': 10, 'loss': 'categorical_crossentropy', 'learning_rate': 0.001, 'decay_rate': 0.0, 'use_adam': True, 'momentum_rate': 0.0, 'gradient_clip': None}),
 (<class 'hmdl.Conv2D'>, {'input_shape': (64, 64, 1), 'kernel_size': 5, 'n_kernels': 8, 'activation': 'relu'}),
 (<class 'hmdl.MaxPool2D'>, {'pool_size': 4}),
 (<class 'hmdl.Dropout'>, {'rate': 0.125}),
 (<class 'hmdl.Conv2D'>, {'input_shape': (64, 64, 1), 'kernel_size': 3, 'n_kernels': 16, 'activation': 'relu'}),
 (<class 'hmdl.Conv2D'>, {'input_shape': (64, 64, 1), 'kernel_size': 3, 'n_kernels': 32, 'activation': 'relu'}),
 (<class 'hmdl.MaxPool2D'>, {'pool_size': 2}),
 (<class 'hmdl.Dropout'>, {'rate': 0.25}),
 (<class 'hmdl.Flatten'>, {}),
 (<class 'hmdl.Dense'>, {'n_neurons': 64, 'activation': 'relu'}),
 (<class 'hmdl.Dropout'>, {'rate': 0.5}),
 (<class 'hmdl.Dense'>, {'n_neurons': 40, 'activation': 'softmax'})]

ABOUT TO RUN NEW EXPERIMENT WITH ID: 4168959007 [generated]
GPU PROPERTIES: {'name': b'Quadro M4000M', 'max_threads_per_block': 1024, 'max_block_dim_x': 1024, 'max_block_dim_y': 1024, 'max_block_dim_z': 64, 'max_grid_dim_x': 2147483647, 'max_grid_dim_y': 65535, 'max_grid_dim_z': 65535, 'max_shared_memory_per_block': 49152, 'async_engine_count': 5, 'can_map_host_memory': 1, 'multiprocessor_count': 10, 'warp_size': 32, 'unified_addressing': 1, 'pci_bus_id': 1, 'pci_device_id': 0, 'compute_capability': (5, 2), 'cores_per_SM': 128, 'cores_total': 1280}

***
REPETITION: 1/10... [seed now: 0]

HMDL MODEL SUMMARY:
------------------------------------------------------------------------------------------------------------------------------------------------------------------------------------------------------------------------------
NO. LAYER   TYPE        INPUT SHAPE             EXTRA INFO  ACTIVATION    OUTPUT SHAPE          DO FORWARD IMPL       DO BACKWARD IMPL      DO BACKWARD OUTPUT IMPL   L1 PENALTIES        L2 PENALTIES        PARAMS          
------------------------------------------------------------------------------------------------------------------------------------------------------------------------------------------------------------------------------
0   c0      Conv2D      (None, 64, 64, 1)       5x5         relu          (None, 64, 64, 8)     numba_cuda_tiles      numba_cuda_direct     numba_cuda_tiles                                                  208             
1   m1      MaxPool2D   (None, 64, 64, 8)       4x4                       (None, 16, 16, 8)     numba_cuda_direct                           numba_cuda_direct                                                 0               
2   dr2     Dropout     (None, 16, 16, 8)       0.125                     (None, 16, 16, 8)                                                                                                                   0               
3   c3      Conv2D      (None, 64, 64, 1)       3x3         relu          (None, 64, 64, 16)    numba_cuda_tiles      numba_cuda_direct     numba_cuda_tiles                                                  160             
4   c4      Conv2D      (None, 64, 64, 1)       3x3         relu          (None, 64, 64, 32)    numba_cuda_tiles      numba_cuda_direct     numba_cuda_tiles                                                  320             
5   m5      MaxPool2D   (None, 64, 64, 32)      2x2                       (None, 32, 32, 32)    numba_cuda_direct                           numba_cuda_direct                                                 0               
6   dr6     Dropout     (None, 32, 32, 32)      0.25                      (None, 32, 32, 32)                                                                                                                  0               
7   f7      Flatten     (None, 32, 32, 32)                                (None, 32768)                                                                                                                       0               
8   d8      Dense       (None, 32768)                       relu          (None, 64)            numpy                 numpy                 numpy                                                             2097216         
9   dr9     Dropout     (None, 64)              0.5                       (None, 64)                                                                                                                          0               
10  d10     Dense       (None, 64)                          softmax       (None, 40)            numpy                 numpy                 numpy                                                             2600            
------------------------------------------------------------------------------------------------------------------------------------------------------------------------------------------------------------------------------
TOTAL PARAMS: 2100504
FIT SETTINGS: [n_epochs: 100, n_batches: 10, loss: categorical_crossentropy, learning_rate: 0.001, decay_rate: 0.0, use_adam: True, momentum_rate: 0.0, gradient_clip: None]
------------------------------------------------------------------------------------------------------------------------------------------------------------------------------------------------------------------------------

HMDL MODEL STRUCTURE STRING: 64x64x1->C(5,8,relu);M(4);DR(0.125);C(3,16,relu);C(3,32,relu);M(2);DR(0.25);F();D(64,relu);DR(0.5);D(40,softmax);
HMDL MODEL STRUCTURE STRING FOR MATHEMATICA: {{64,64,1},{"C",5,8,"relu"},{"M",4},{"DR",0.125},{"C",3,16,"relu"},{"C",3,32,"relu"},{"M",2},{"DR",0.25},{"F"},{"D",64,"relu"},{"DR",0.5},{"D",40,"softmax"}}

HMDL CLF ACC AND LOSS... [before fit]
